<?xml version="1.0" encoding="UTF-8"?>
<!-- Generated by org.testng.reporters.JUnitXMLReporter -->
<testsuite ignored="0" hostname="LIN51015006" failures="0" tests="4" name="Default test" time="4.463" errors="0" timestamp="2022-07-19T12:56:31 IST">
  <testcase classname="data_driven_API.DataDriven_Api" name="postUser" time="2.743"/>
  <testcase classname="data_driven_API.DataDriven_Api" name="GetUsers" time="0.241"/>
  <testcase classname="data_driven_API.DataDriven_Api" name="UpdateUser" time="0.65"/>
  <testcase classname="data_driven_API.DataDriven_Api" name="DeleteUsers" time="0.563"/>
</testsuite> <!-- Default test -->
