<?xml version="1.0" encoding="UTF-8"?>
<testng-results ignored="0" total="4" passed="4" failed="0" skipped="0">
  <reporter-output>
  </reporter-output>
  <suite started-at="2022-07-19T12:56:27 IST" name="Default suite" finished-at="2022-07-19T12:56:31 IST" duration-ms="4463">
    <groups>
    </groups>
    <test started-at="2022-07-19T12:56:27 IST" name="Default test" finished-at="2022-07-19T12:56:31 IST" duration-ms="4463">
      <class name="data_driven_API.DataDriven_Api">
        <test-method is-config="true" signature="setup()[pri:0, instance:data_driven_API.DataDriven_Api@6aba2b86]" started-at="2022-07-19T12:56:27 IST" name="setup" finished-at="2022-07-19T12:56:27 IST" duration-ms="225" status="PASS">
          <reporter-output>
          </reporter-output>
        </test-method> <!-- setup -->
        <test-method signature="postUser()[pri:1, instance:data_driven_API.DataDriven_Api@6aba2b86]" started-at="2022-07-19T12:56:27 IST" name="postUser" finished-at="2022-07-19T12:56:30 IST" duration-ms="2743" status="PASS">
          <reporter-output>
          </reporter-output>
        </test-method> <!-- postUser -->
        <test-method signature="GetUsers()[pri:2, instance:data_driven_API.DataDriven_Api@6aba2b86]" started-at="2022-07-19T12:56:30 IST" name="GetUsers" finished-at="2022-07-19T12:56:30 IST" duration-ms="241" status="PASS">
          <reporter-output>
          </reporter-output>
        </test-method> <!-- GetUsers -->
        <test-method signature="UpdateUser()[pri:3, instance:data_driven_API.DataDriven_Api@6aba2b86]" started-at="2022-07-19T12:56:30 IST" name="UpdateUser" finished-at="2022-07-19T12:56:31 IST" duration-ms="650" status="PASS">
          <reporter-output>
          </reporter-output>
        </test-method> <!-- UpdateUser -->
        <test-method signature="DeleteUsers()[pri:4, instance:data_driven_API.DataDriven_Api@6aba2b86]" started-at="2022-07-19T12:56:31 IST" name="DeleteUsers" finished-at="2022-07-19T12:56:31 IST" duration-ms="563" status="PASS">
          <reporter-output>
          </reporter-output>
        </test-method> <!-- DeleteUsers -->
      </class> <!-- data_driven_API.DataDriven_Api -->
    </test> <!-- Default test -->
  </suite> <!-- Default suite -->
</testng-results>
